<?xml version="1.0" encoding="UTF-8"?>
<!-- Generated by org.testng.reporters.JUnitReportReporter -->
<testsuite hostname="LAPTOP-A3ONQS5O" failures="0" tests="1" name="com.vitger.testscript.CreateProdActive" time="64.319" errors="0" timestamp="2021-05-07T16:07:20 IST" skipped="0">
  <testcase classname="com.vitger.testscript.CreateProdActive" name="createproductactive" time="64.319"/>
  <system-out/>
</testsuite> <!-- com.vitger.testscript.CreateProdActive -->
