<?xml version="1.0" encoding="UTF-8"?>
<!-- Generated by org.testng.reporters.JUnitReportReporter -->
<testsuite hostname="LAPTOP-A3ONQS5O" failures="0" tests="1" name="com.vitger.testscript.CreateProduct" time="84.166" errors="0" timestamp="2021-05-07T14:54:11 IST" skipped="0">
  <testcase classname="com.vitger.testscript.CreateProduct" name="createProduct" time="84.166"/>
  <system-out/>
</testsuite> <!-- com.vitger.testscript.CreateProduct -->
