<?xml version="1.0" encoding="UTF-8"?>
<!-- Generated by org.testng.reporters.JUnitReportReporter -->
<testsuite hostname="LAPTOP-A3ONQS5O" failures="0" tests="1" name="com.vitger.testscript.CreateProdWithoutActive" time="35.973" errors="0" timestamp="2021-05-07T16:12:35 IST" skipped="0">
  <testcase classname="com.vitger.testscript.CreateProdWithoutActive" name="createproductwhithoutactive" time="35.973"/>
  <system-out/>
</testsuite> <!-- com.vitger.testscript.CreateProdWithoutActive -->
