<?xml version="1.0" encoding="UTF-8"?>
<!-- Generated by org.testng.reporters.JUnitReportReporter -->
<testsuite hostname="LAPTOP-A3ONQS5O" failures="0" tests="1" name="com.vitger.testscript.CreateProdMandtField" time="57.003" errors="0" timestamp="2021-05-07T19:12:08 IST" skipped="0">
  <testcase classname="com.vitger.testscript.CreateProdMandtField" name="createproductmandtoryfield" time="57.003"/>
  <system-out/>
</testsuite> <!-- com.vitger.testscript.CreateProdMandtField -->
