<?xml version="1.0" encoding="UTF-8"?>
<!-- Generated by org.testng.reporters.JUnitReportReporter -->
<testsuite hostname="LAPTOP-A3ONQS5O" failures="0" tests="1" name="com.vitger.testscript.CreatProductWithoutMandField" time="85.231" errors="0" timestamp="2021-05-07T15:32:17 IST" skipped="0">
  <testcase classname="com.vitger.testscript.CreatProductWithoutMandField" name="creatproductwthoutmandtoryfield" time="85.231"/>
  <system-out/>
</testsuite> <!-- com.vitger.testscript.CreatProductWithoutMandField -->
